Sat May 03 2014 18:21:28 GMT-0400 (EDT):
{ [Error: Server returned error in RSTR - ErrorCode: NONE : FaultMessage: NONE]
  stack: [Getter/Setter],
  __frame: 
   { name: '__7',
     line: 171,
     file: '/usr/local/azure/lib/commands/account.js',
     prev: undefined,
     active: false,
     offset: 35,
     col: 31 },
  rawStack: [Getter] }
Error: Server returned error in RSTR - ErrorCode: NONE : FaultMessage: NONE
    at Logger.createError (/usr/local/azure/node_modules/adal-node/lib/log.js:196:13)
    at WSTrustResponse.parse (/usr/local/azure/node_modules/adal-node/lib/wstrust-response.js:243:23)
    at WSTrustRequest._handleRSTR (/usr/local/azure/node_modules/adal-node/lib/wstrust-request.js:150:21)
    at /usr/local/azure/node_modules/adal-node/lib/wstrust-request.js:183:12
    at Request._callback (/usr/local/azure/node_modules/adal-node/lib/util.js:116:5)
    at Request.self.callback (/usr/local/azure/node_modules/adal-node/node_modules/request/request.js:121:22)
    at Request.EventEmitter.emit (events.js:98:17)
    at Request.<anonymous> (/usr/local/azure/node_modules/adal-node/node_modules/request/request.js:978:14)
    at Request.EventEmitter.emit (events.js:117:20)
    at IncomingMessage.<anonymous> (/usr/local/azure/node_modules/adal-node/node_modules/request/request.js:929:12)
    at __7 (/usr/local/azure/lib/commands/account.js:206:31)

